Flutter crash report.
Please report a bug at https://github.com/flutter/flutter/issues.

## command

flutter run -d macos

## exception

RPCError: _createDevFS: (-32603) Internal error
_createDevFS: Unexpected exception:PathNotFoundException: Creation of temporary directory failed, path = '/Users/jinsol/Library/Containers/com.eyerest.eyeRestTimer/Data/tmp' (OS Error: No such file or directory, errno = 2)
#0      _checkForErrorResponse (dart:io/common.dart:58:9)
#1      _Directory.createTemp.<anonymous closure> (dart:io/directory_impl.dart:173:7)
<asynchronous suspension>
#2      createTempDirCallback (dart:vmservice_io:121:16)
<asynchronous suspension>
#3      DevFS._createDevFS (dart:_vmservice/devfs.dart:197:21)
<asynchronous suspension>
#4      VMService._routeRequestImpl (dart:_vmservice:842:16)
<asynchronous suspension>
#5      VMService.routeRequest (dart:_vmservice:805:22)
<asynchronous suspension>
#6      WebSocketClient.post (dart:vmservice_io/vmservice_server.dart:64:3)
<asynchronous suspension>


```
#0      new _OutstandingRequest (package:vm_service/src/vm_service.dart:265:34)
#1      VmService._call.<anonymous closure> (package:vm_service/src/vm_service.dart:1921:25)
#2      VmService._call (package:vm_service/src/vm_service.dart:1933:8)
#3      VmService.callServiceExtension (package:vm_service/src/vm_service.dart:1872:14)
#4      FlutterVmService.createDevFS (package:flutter_tools/src/vmservice.dart:942:20)
#5      DevFS.create (package:flutter_tools/src/devfs.dart:518:61)
#6      FlutterDevice.setupDevFS (package:flutter_tools/src/resident_runner.dart:369:19)
#7      HotRunner._initDevFS (package:flutter_tools/src/run_hot.dart:488:23)
#8      HotRunner._attach (package:flutter_tools/src/run_hot.dart:290:41)
<asynchronous suspension>
#9      RunCommand.runCommand (package:flutter_tools/src/commands/run.dart:861:27)
<asynchronous suspension>
#10     FlutterCommand.run.<anonymous closure> (package:flutter_tools/src/runner/flutter_command.dart:1563:27)
<asynchronous suspension>
#11     AppContext.run.<anonymous closure> (package:flutter_tools/src/base/context.dart:154:19)
<asynchronous suspension>
#12     CommandRunner.runCommand (package:args/command_runner.dart:212:13)
<asynchronous suspension>
#13     FlutterCommandRunner.runCommand.<anonymous closure> (package:flutter_tools/src/runner/flutter_command_runner.dart:494:9)
<asynchronous suspension>
#14     AppContext.run.<anonymous closure> (package:flutter_tools/src/base/context.dart:154:19)
<asynchronous suspension>
#15     FlutterCommandRunner.runCommand (package:flutter_tools/src/runner/flutter_command_runner.dart:431:5)
<asynchronous suspension>
#16     run.<anonymous closure>.<anonymous closure> (package:flutter_tools/runner.dart:98:11)
<asynchronous suspension>
#17     AppContext.run.<anonymous closure> (package:flutter_tools/src/base/context.dart:154:19)
<asynchronous suspension>
#18     main (package:flutter_tools/executable.dart:102:3)
<asynchronous suspension>
```

## flutter doctor

```
[✓] Flutter (Channel stable, 3.32.4, on macOS 26.2 25C56 darwin-arm64, locale ko-KR) [428ms]
    • Flutter version 3.32.4 on channel stable at /opt/homebrew/Caskroom/flutter/3.32.4/flutter
    • Upstream repository https://github.com/flutter/flutter.git
    • Framework revision 6fba2447e9 (8 months ago), 2025-06-12 19:03:56 -0700
    • Engine revision 8cd19e509d
    • Dart version 3.8.1
    • DevTools version 2.45.1

[✓] Android toolchain - develop for Android devices (Android SDK version 35.0.0) [2.5s]
    • Android SDK at /Users/jinsol/Library/Android/sdk
    • Platform android-36, build-tools 35.0.0
    • Java binary at: /Applications/Android Studio.app/Contents/jbr/Contents/Home/bin/java
      This is the JDK bundled with the latest Android Studio installation on this machine.
      To manually set the JDK path, use: `flutter config --jdk-dir="path/to/jdk"`.
    • Java version OpenJDK Runtime Environment (build 21.0.6+-13368085-b895.109)
    • All Android licenses accepted.

[✓] Xcode - develop for iOS and macOS (Xcode 26.2) [1,960ms]
    • Xcode at /Applications/Xcode.app/Contents/Developer
    • Build 17C52
    • CocoaPods version 1.16.2

[✓] Chrome - develop for the web [99ms]
    • Chrome at /Applications/Google Chrome.app/Contents/MacOS/Google Chrome

[✓] Android Studio (version 2024.3) [98ms]
    • Android Studio at /Applications/Android Studio.app/Contents
    • Flutter plugin can be installed from:
      🔨 https://plugins.jetbrains.com/plugin/9212-flutter
    • Dart plugin can be installed from:
      🔨 https://plugins.jetbrains.com/plugin/6351-dart
    • Java version OpenJDK Runtime Environment (build 21.0.6+-13368085-b895.109)

[✓] IntelliJ IDEA Ultimate Edition (version 2023.2.2) [97ms]
    • IntelliJ at /Applications/IntelliJ IDEA.app
    • Flutter plugin version 76.3.4
    • Dart plugin version 232.9559.10

[✓] VS Code (version 1.96.4) [4ms]
    • VS Code at /Users/jinsol/Downloads/Visual Studio Code.app/Contents
    • Flutter extension can be installed from:
      🔨 https://marketplace.visualstudio.com/items?itemName=Dart-Code.flutter

[✓] Connected device (3 available) [6.2s]
    • iPhone 16 Plus (mobile) • DB86C061-3806-4CAA-9326-D07417FEEA46 • ios            • com.apple.CoreSimulator.SimRuntime.iOS-18-5 (simulator)
    • macOS (desktop)         • macos                                • darwin-arm64   • macOS 26.2 25C56 darwin-arm64
    • Chrome (web)            • chrome                               • web-javascript • Google Chrome 144.0.7559.110
    ! Error: Browsing on the local area network for iPad. Ensure the device is unlocked and attached with a cable or associated with the same local area network as this Mac.
      The device must be opted into Developer Mode to connect wirelessly. (code -27)
    ! Error: Browsing on the local area network for iPhone16. Ensure the device is unlocked and attached with a cable or associated with the same local area network as this Mac.
      The device must be opted into Developer Mode to connect wirelessly. (code -27)

[✓] Network resources [435ms]
    • All expected network resources are available.

• No issues found!
```
